<?xml version="1.0" encoding="UTF-8"?>
<testng-results skipped="0" failed="0" ignored="0" total="5" passed="5">
  <reporter-output>
  </reporter-output>
  <suite name="Default suite" duration-ms="74302" started-at="2018-11-22T14:21:26Z" finished-at="2018-11-22T14:22:41Z">
    <groups>
    </groups>
    <test name="Default test" duration-ms="74302" started-at="2018-11-22T14:21:26Z" finished-at="2018-11-22T14:22:41Z">
      <class name="assessment.com.App">
        <test-method status="PASS" signature="NavigateToWebTables()[pri:0, instance:assessment.com.App@f09733f]" name="NavigateToWebTables" duration-ms="4794" started-at="2018-11-22T14:21:26Z" finished-at="2018-11-22T14:21:31Z">
          <reporter-output>
          </reporter-output>
        </test-method> <!-- NavigateToWebTables -->
        <test-method status="PASS" signature="ValidateUrlNavigation()[pri:1, instance:assessment.com.App@f09733f]" name="ValidateUrlNavigation" duration-ms="1233" started-at="2018-11-22T14:21:31Z" finished-at="2018-11-22T14:21:32Z">
          <reporter-output>
          </reporter-output>
        </test-method> <!-- ValidateUrlNavigation -->
        <test-method status="PASS" signature="ClickAddUser()[pri:2, instance:assessment.com.App@f09733f]" name="ClickAddUser" duration-ms="2187" started-at="2018-11-22T14:21:32Z" finished-at="2018-11-22T14:21:35Z">
          <reporter-output>
          </reporter-output>
        </test-method> <!-- ClickAddUser -->
        <test-method status="PASS" signature="AddUsers()[pri:3, instance:assessment.com.App@f09733f]" name="AddUsers" duration-ms="65222" started-at="2018-11-22T14:21:35Z" finished-at="2018-11-22T14:22:40Z">
          <reporter-output>
          </reporter-output>
        </test-method> <!-- AddUsers -->
        <test-method status="PASS" signature="VerifyUserAddition()[pri:4, instance:assessment.com.App@f09733f]" name="VerifyUserAddition" duration-ms="728" started-at="2018-11-22T14:22:40Z" finished-at="2018-11-22T14:22:41Z">
          <reporter-output>
          </reporter-output>
        </test-method> <!-- VerifyUserAddition -->
      </class> <!-- assessment.com.App -->
    </test> <!-- Default test -->
  </suite> <!-- Default suite -->
</testng-results>
