<?xml version="1.0" encoding="UTF-8"?>
<!-- Generated by org.testng.reporters.JUnitXMLReporter -->
<testsuite hostname="DESKTOP-615V1JK" ignored="0" name="Default test" tests="5" failures="0" timestamp="22 Nov 2018 14:22:41 GMT" time="74.302" errors="0">
  <testcase name="NavigateToWebTables" time="4.794" classname="assessment.com.App"/>
  <testcase name="ValidateUrlNavigation" time="1.233" classname="assessment.com.App"/>
  <testcase name="ClickAddUser" time="2.187" classname="assessment.com.App"/>
  <testcase name="AddUsers" time="65.222" classname="assessment.com.App"/>
  <testcase name="VerifyUserAddition" time="0.728" classname="assessment.com.App"/>
</testsuite> <!-- Default test -->
